[debug] [2023-04-02T05:48:27.354Z] ----------------------------------------------------------------------
[debug] [2023-04-02T05:48:27.356Z] Command:       C:\Program Files\nodejs\node.exe C:\Users\arjun\AppData\Roaming\npm\node_modules\firebase-tools\lib\bin\firebase.js init hosting
[debug] [2023-04-02T05:48:27.357Z] CLI Version:   11.25.2
[debug] [2023-04-02T05:48:27.357Z] Platform:      win32
[debug] [2023-04-02T05:48:27.357Z] Node Version:  v18.13.0
[debug] [2023-04-02T05:48:27.359Z] Time:          Sun Apr 02 2023 11:18:27 GMT+0530 (India Standard Time)
[debug] [2023-04-02T05:48:27.359Z] ----------------------------------------------------------------------
[debug] 
[debug] [2023-04-02T05:48:27.437Z] > command requires scopes: ["email","openid","https://www.googleapis.com/auth/cloudplatformprojects.readonly","https://www.googleapis.com/auth/firebase","https://www.googleapis.com/auth/cloud-platform"]
[debug] [2023-04-02T05:48:27.438Z] > authorizing via signed-in user (arjunagnihotri14a@gmail.com)
[info] 
     ######## #### ########  ######## ########     ###     ######  ########
     ##        ##  ##     ## ##       ##     ##  ##   ##  ##       ##
     ######    ##  ########  ######   ########  #########  ######  ######
     ##        ##  ##    ##  ##       ##     ## ##     ##       ## ##
     ##       #### ##     ## ######## ########  ##     ##  ######  ########

You're about to initialize a Firebase project in this directory:

  C:\Users\arjun\OneDrive\Desktop\fullstack\internship task\server

Before we get started, keep in mind:

  * You are initializing within an existing Firebase project directory

[info] 
=== Project Setup
[info] 
[info] First, let's associate this project directory with a Firebase project.
[info] You can create multiple project aliases by running firebase use --add, 
[info] but for now we'll just set up a default project.
[info] 
[debug] [2023-04-02T05:48:33.462Z] Using project from CLI flag: internship-backend
[debug] [2023-04-02T05:48:33.468Z] >>> [apiv2][query] GET https://firebase.googleapis.com/v1beta1/projects/internship-backend [none]
[debug] [2023-04-02T05:48:34.095Z] <<< [apiv2][status] GET https://firebase.googleapis.com/v1beta1/projects/internship-backend 200
[debug] [2023-04-02T05:48:34.096Z] <<< [apiv2][body] GET https://firebase.googleapis.com/v1beta1/projects/internship-backend {"projectId":"internship-backend","projectNumber":"224226741265","displayName":"internship-backend","name":"projects/internship-backend","resources":{"hostingSite":"internship-backend"},"state":"ACTIVE","etag":"1_f96f20d4-3747-4438-afd1-188ef0051ccb"}
[info] i  Using project internship-backend (internship-backend) 
[info] 
=== Hosting Setup
[debug] [2023-04-02T05:49:46.468Z] ----------------------------------------------------------------------
[debug] [2023-04-02T05:49:46.471Z] Command:       C:\Program Files\nodejs\node.exe C:\Users\arjun\AppData\Roaming\npm\node_modules\firebase-tools\lib\bin\firebase.js init hosting
[debug] [2023-04-02T05:49:46.471Z] CLI Version:   11.25.2
[debug] [2023-04-02T05:49:46.471Z] Platform:      win32
[debug] [2023-04-02T05:49:46.472Z] Node Version:  v18.13.0
[debug] [2023-04-02T05:49:46.473Z] Time:          Sun Apr 02 2023 11:19:46 GMT+0530 (India Standard Time)
[debug] [2023-04-02T05:49:46.473Z] ----------------------------------------------------------------------
[debug] 
[debug] [2023-04-02T05:49:46.550Z] > command requires scopes: ["email","openid","https://www.googleapis.com/auth/cloudplatformprojects.readonly","https://www.googleapis.com/auth/firebase","https://www.googleapis.com/auth/cloud-platform"]
[debug] [2023-04-02T05:49:46.550Z] > authorizing via signed-in user (arjunagnihotri14a@gmail.com)
[info] 
     ######## #### ########  ######## ########     ###     ######  ########
     ##        ##  ##     ## ##       ##     ##  ##   ##  ##       ##
     ######    ##  ########  ######   ########  #########  ######  ######
     ##        ##  ##    ##  ##       ##     ## ##     ##       ## ##
     ##       #### ##     ## ######## ########  ##     ##  ######  ########

You're about to initialize a Firebase project in this directory:

  C:\Users\arjun\OneDrive\Desktop\fullstack\internship task\server

Before we get started, keep in mind:

  * You are initializing within an existing Firebase project directory

[info] 
=== Project Setup
[info] 
[info] First, let's associate this project directory with a Firebase project.
[info] You can create multiple project aliases by running firebase use --add, 
[info] but for now we'll just set up a default project.
[info] 
[debug] [2023-04-02T05:49:48.537Z] Using project from CLI flag: internship-backend
[debug] [2023-04-02T05:49:48.541Z] >>> [apiv2][query] GET https://firebase.googleapis.com/v1beta1/projects/internship-backend [none]
[debug] [2023-04-02T05:49:49.358Z] <<< [apiv2][status] GET https://firebase.googleapis.com/v1beta1/projects/internship-backend 200
[debug] [2023-04-02T05:49:49.358Z] <<< [apiv2][body] GET https://firebase.googleapis.com/v1beta1/projects/internship-backend {"projectId":"internship-backend","projectNumber":"224226741265","displayName":"internship-backend","name":"projects/internship-backend","resources":{"hostingSite":"internship-backend"},"state":"ACTIVE","etag":"1_f96f20d4-3747-4438-afd1-188ef0051ccb"}
[info] i  Using project internship-backend (internship-backend) 
[info] 
=== Hosting Setup
[info] 
[info] Your public directory is the folder (relative to your project directory) that
[info] will contain Hosting assets to be uploaded with firebase deploy. If you
[info] have a build process for your assets, use your build's output directory.
[info] 
